#
# There is insufficient memory for the Java Runtime Environment to continue.
# Native memory allocation (malloc) failed to allocate 1048576 bytes for AllocateHeap
# Possible reasons:
#   The system is out of physical RAM or swap space
#   The process is running with CompressedOops enabled, and the Java Heap may be blocking the growth of the native heap
# Possible solutions:
#   Reduce memory load on the system
#   Increase physical memory or swap space
#   Check if swap backing store is full
#   Decrease Java heap size (-Xmx/-Xms)
#   Decrease number of Java threads
#   Decrease Java thread stack sizes (-Xss)
#   Set larger code cache with -XX:ReservedCodeCacheSize=
#   JVM is running with Zero Based Compressed Oops mode in which the Java heap is
#     placed in the first 32GB address space. The Java Heap base address is the
#     maximum limit for the native heap growth. Please use -XX:HeapBaseMinAddress
#     to set the Java Heap base and to place the Java Heap above 32GB virtual address.
# This output file may be truncated or incomplete.
#
#  Out of Memory Error (memory/allocation.inline.hpp:61), pid=5572, tid=0x0000000000000ec0
#
# JRE version:  (8.0_212-b04) (build )
# Java VM: OpenJDK 64-Bit Server VM (25.212-b04 mixed mode windows-amd64 compressed oops)
# Failed to write core dump. Minidumps are not enabled by default on client versions of Windows
#

---------------  T H R E A D  ---------------

Current thread (0x000000000094e000):  JavaThread "Unknown thread" [_thread_in_vm, id=3776, stack(0x0000000002120000,0x0000000002220000)]

Stack: [0x0000000002120000,0x0000000002220000]
[error occurred during error reporting (printing stack bounds), id 0xc0000005]

Native frames: (J=compiled Java code, j=interpreted, Vv=VM code, C=native code)


---------------  P R O C E S S  ---------------

Java Threads: ( => current thread )

Other Threads:

=>0x000000000094e000 (exited) JavaThread "Unknown thread" [_thread_in_vm, id=3776, stack(0x0000000002120000,0x0000000002220000)]

VM state:not at safepoint (normal execution)

VM Mutex/Monitor currently owned by a thread: None

heap address: 0x0000000701400000, size: 3052 MB, Compressed Oops mode: Zero based, Oop shift amount: 3
Narrow klass base: 0x0000000000000000, Narrow klass shift: 3
Compressed class space size: 1073741824 Address: 0x00000007c0000000

Heap:
 PSYoungGen      total 57344K, used 983K [0x0000000780700000, 0x0000000784700000, 0x00000007c0000000)
  eden space 49152K, 2% used [0x0000000780700000,0x00000007807f5c38,0x0000000783700000)
  from space 8192K, 0% used [0x0000000783f00000,0x0000000783f00000,0x0000000784700000)
  to   space 8192K, 0% used [0x0000000783700000,0x0000000783700000,0x0000000783f00000)
 ParOldGen       total 131072K, used 0K [0x0000000701400000, 0x0000000709400000, 0x0000000780700000)
  object space 131072K, 0% used [0x0000000701400000,0x0000000701400000,0x0000000709400000)
 Metaspace       used 778K, capacity 4480K, committed 4480K, reserved 1056768K
  class space    used 74K, capacity 384K, committed 384K, reserved 1048576K

Card table byte_map: [0x0000000011700000,0x0000000011d00000] byte_map_base: 0x000000000def6000

Marking Bits: (ParMarkBitMap*) 0x00000000574b9f30
 Begin Bits: [0x0000000012500000, 0x00000000154b0000)
 End Bits:   [0x00000000154b0000, 0x0000000018460000)

Polling page: 0x0000000000500000

CodeCache: size=245760Kb used=328Kb max_used=328Kb free=245431Kb
 bounds [0x0000000002340000, 0x00000000025b0000, 0x0000000011340000]
 total_blobs=57 nmethods=0 adapters=38
 compilation: enabled

Compilation events (0 events):
No events

GC Heap History (0 events):
No events

Deoptimization events (0 events):
No events

Classes redefined (0 events):
No events

Internal exceptions (0 events):
No events

Events (10 events):
Event: 0.017 loading class java/lang/Short
Event: 0.017 loading class java/lang/Short done
Event: 0.017 loading class java/lang/Integer
Event: 0.017 loading class java/lang/Integer done
Event: 0.017 loading class java/lang/Long
Event: 0.018 loading class java/lang/Long done
Event: 0.018 loading class java/lang/NullPointerException
Event: 0.018 loading class java/lang/NullPointerException done
Event: 0.018 loading class java/lang/ArithmeticException
Event: 0.018 loading class java/lang/ArithmeticException done


Dynamic libraries:
0x00007ff635030000 - 0x00007ff635061000 	C:\Program Files\Android\Android Studio\jre\jre\bin\java.exe
0x00007ffc951a0000 - 0x00007ffc95390000 	C:\Windows\SYSTEM32\ntdll.dll
0x00007ffc93fe0000 - 0x00007ffc94092000 	C:\Windows\System32\KERNEL32.DLL
0x00007ffc92130000 - 0x00007ffc923d3000 	C:\Windows\System32\KERNELBASE.dll
0x00007ffc93e60000 - 0x00007ffc93f03000 	C:\Windows\System32\ADVAPI32.dll
0x00007ffc94200000 - 0x00007ffc9429e000 	C:\Windows\System32\msvcrt.dll
0x00007ffc93250000 - 0x00007ffc932e7000 	C:\Windows\System32\sechost.dll
0x00007ffc93c90000 - 0x00007ffc93db0000 	C:\Windows\System32\RPCRT4.dll
0x00007ffc93af0000 - 0x00007ffc93c84000 	C:\Windows\System32\USER32.dll
0x00007ffc92920000 - 0x00007ffc92941000 	C:\Windows\System32\win32u.dll
0x00007ffc942b0000 - 0x00007ffc942d6000 	C:\Windows\System32\GDI32.dll
0x00007ffc924b0000 - 0x00007ffc92644000 	C:\Windows\System32\gdi32full.dll
0x00007ffc92950000 - 0x00007ffc929ee000 	C:\Windows\System32\msvcp_win.dll
0x00007ffc926d0000 - 0x00007ffc927ca000 	C:\Windows\System32\ucrtbase.dll
0x00007ffc820b0000 - 0x00007ffc82335000 	C:\Windows\WinSxS\amd64_microsoft.windows.common-controls_6595b64144ccf1df_6.0.18362.657_none_e6c5b579130e3898\COMCTL32.dll
0x00007ffc949a0000 - 0x00007ffc94cd6000 	C:\Windows\System32\combase.dll
0x00007ffc92a50000 - 0x00007ffc92ad0000 	C:\Windows\System32\bcryptPrimitives.dll
0x00007ffc93ac0000 - 0x00007ffc93aee000 	C:\Windows\System32\IMM32.DLL
0x0000000056a50000 - 0x0000000056b22000 	C:\Program Files\Android\Android Studio\jre\jre\bin\msvcr100.dll
0x0000000056cf0000 - 0x0000000057536000 	C:\Program Files\Android\Android Studio\jre\jre\bin\server\jvm.dll
0x00007ffc940b0000 - 0x00007ffc940b8000 	C:\Windows\System32\PSAPI.DLL
0x00007ffc804b0000 - 0x00007ffc804d4000 	C:\Windows\SYSTEM32\WINMM.dll
0x00007ffc89cb0000 - 0x00007ffc89cba000 	C:\Windows\SYSTEM32\VERSION.dll
0x00007ffc810d0000 - 0x00007ffc810d9000 	C:\Windows\SYSTEM32\WSOCK32.dll
0x00007ffc94d40000 - 0x00007ffc94daf000 	C:\Windows\System32\WS2_32.dll
0x00007ffc80460000 - 0x00007ffc8048d000 	C:\Windows\SYSTEM32\winmmbase.dll
0x00007ffc92650000 - 0x00007ffc9269a000 	C:\Windows\System32\cfgmgr32.dll
0x00007ffc8d520000 - 0x00007ffc8d52f000 	C:\Program Files\Android\Android Studio\jre\jre\bin\verify.dll
0x00007ffc80620000 - 0x00007ffc80649000 	C:\Program Files\Android\Android Studio\jre\jre\bin\java.dll
0x00007ffc8a3d0000 - 0x00007ffc8a3e6000 	C:\Program Files\Android\Android Studio\jre\jre\bin\zip.dll

VM Arguments:
java_command: org.jetbrains.git4idea.http.GitAskPassApp Username for 'https://github.com': 
java_class_path (initial): C:/Program Files/Android/Android Studio/plugins/git4idea/lib/git4idea-rt.jar;C:/Program Files/Android/Android Studio/lib/xmlrpc-2.0.1.jar;C:/Program Files/Android/Android Studio/lib/commons-codec-1.13.jar;C:/Program Files/Android/Android Studio/lib/util.jar
Launcher Type: SUN_STANDARD

Environment Variables:
JAVA_HOME=C:\Program Files\Java\jdk1.8.0_241
PATH=C:\Program Files\Git\mingw64\libexec\git-core;C:\Program Files\Git\mingw64\libexec\git-core;C:\Program Files\Git\mingw64\bin;C:\Program Files\Git\usr\bin;C:\Users\win\bin;C:\Program Files (x86)\Common Files\Oracle\Java\javapath;C:\ProgramData\Oracle\Java\javapath;C:\Windows\system32;C:\Windows;C:\Windows\System32\Wbem;C:\Windows\System32\WindowsPowerShell\v1.0;C:\Windows\System32\OpenSSH;C:\Program Files\dotnet;C:\Program Files\PuTTY;C:\Program Files\Git\cmd;C:\Users\win\AppData\Local\Microsoft\WindowsApps;C:\Users\win\AppData\Local\Programs\Microsoft VS Code\bin
USERNAME=win
DISPLAY=:0.0
OS=Windows_NT
PROCESSOR_IDENTIFIER=Intel64 Family 6 Model 60 Stepping 3, GenuineIntel



---------------  S Y S T E M  ---------------

OS: Windows 10.0 , 64 bit Build 18362 (10.0.18362.329)

CPU:total 4 (initial active 4) (4 cores per cpu, 1 threads per core) family 6 model 60 stepping 3, cmov, cx8, fxsr, mmx, sse, sse2, sse3, ssse3, sse4.1, sse4.2, popcnt, avx, avx2, aes, clmul, erms, lzcnt, tsc, tscinvbit, bmi1, bmi2

Memory: 4k page, physical 12493732k(1912492k free), swap 12493732k(5660k free)

vm_info: OpenJDK 64-Bit Server VM (25.212-b04) for windows-amd64 JRE (1.8.0_212-release-1586-b04), built by "builder" with MS VC++ 10.0 (VS2010)

time: Mon Mar 09 13:19:35 2020
timezone: Hora estándar romance
elapsed time: 0 seconds (0d 0h 0m 0s)

